{
  message: 'Servidor escuchando en el puerto 3000',
  level: 'info',
  timestamp: '2022-09-02T18:09:23.238Z'
}
{
  message: 'Servidor escuchando en el puerto 3000',
  level: 'info',
  timestamp: '2022-09-02T18:11:18.990Z'
}
{
  message: 'Servidor escuchando en el puerto 3000',
  level: 'info',
  timestamp: '2022-09-02T18:15:05.908Z'
}
{
  message: 'Servidor escuchando en el puerto 3000',
  level: 'info',
  timestamp: '2022-09-02T18:17:56.991Z'
}
{
  message: 'Servidor escuchando en el puerto 3000',
  level: 'info',
  timestamp: '2022-09-02T18:18:01.913Z'
}
{
  message: 'Servidor escuchando en el puerto 3000',
  level: 'info',
  timestamp: '2022-09-02T18:18:38.993Z'
}
{
  message: 'Servidor escuchando en el puerto 3000',
  level: 'info',
  timestamp: '2022-09-02T18:20:47.887Z'
}
{
  message: 'Servidor escuchando en el puerto 3000',
  level: 'info',
  timestamp: '2022-09-02T18:21:17.074Z'
}
{
  message: 'Servidor escuchando en el puerto 3000',
  level: 'info',
  timestamp: '2022-09-02T18:23:07.160Z'
}
{
  message: 'Servidor escuchando en el puerto 3000',
  level: 'info',
  timestamp: '2022-09-05T14:34:34.838Z'
}
{
  errors: {
    categoryId: ValidatorError: Path `categoryId` is required.
        at validate (D:\docs\Coder-Backend\tercera-entrega\node_modules\mongoose\lib\schematype.js:1337:13)
        at ObjectId.SchemaType.doValidate (D:\docs\Coder-Backend\tercera-entrega\node_modules\mongoose\lib\schematype.js:1321:7)
        at D:\docs\Coder-Backend\tercera-entrega\node_modules\mongoose\lib\document.js:2831:18
        at processTicksAndRejections (internal/process/task_queues.js:77:11) {
      properties: {
        validator: [Function (anonymous)],
        message: 'Path `categoryId` is required.',
        type: 'required',
        path: 'categoryId',
        value: undefined
      },
      kind: 'required',
      path: 'categoryId',
      value: undefined,
      reason: undefined,
      [Symbol(mongoose:validatorError)]: true
    }
  },
  _message: 'product validation failed',
  level: 'error',
  timestamp: '2022-09-05T14:36:30.938Z'
}
{
  message: 'Servidor escuchando en el puerto 3000',
  level: 'info',
  timestamp: '2022-09-05T14:36:59.521Z'
}
{
  message: 'Servidor escuchando en el puerto 3000',
  level: 'info',
  timestamp: '2022-09-05T14:39:50.054Z'
}
{
  message: 'Servidor escuchando en el puerto 3000',
  level: 'info',
  timestamp: '2022-09-05T14:40:41.180Z'
}
{
  message: 'Servidor escuchando en el puerto 3000',
  level: 'info',
  timestamp: '2022-09-05T14:43:00.595Z'
}
{ level: 'error', timestamp: '2022-09-05T14:43:09.406Z' }
{
  message: 'Servidor escuchando en el puerto 3000',
  level: 'info',
  timestamp: '2022-09-05T14:45:40.163Z'
}
{ level: 'error', timestamp: '2022-09-05T14:45:40.933Z' }
{
  message: 'Servidor escuchando en el puerto 3000',
  level: 'info',
  timestamp: '2022-09-05T14:51:31.767Z'
}
{
  message: 'Login',
  level: 'info',
  timestamp: '2022-09-05T15:35:20.179Z'
}
{
  message: 'Ingreso',
  level: 'info',
  timestamp: '2022-09-05T15:43:10.699Z'
}
{
  message: {
    email: 'martin@martin.com',
    password: 'prueba',
    firstName: 'Martin',
    lastName: 'Cagliolo',
    age: 30,
    admin: false,
    address: { street: 'congreso 5080', city: 'buenos aires' }
  },
  level: 'info',
  timestamp: '2022-09-05T15:43:10.701Z'
}
{
  message: 'info signup',
  level: 'info',
  timestamp: '2022-09-05T15:43:10.703Z'
}
{
  level: 'info',
  message: TypeError: Cannot read property 'findByEmail' of undefined
      at getUserByEmail (D:\docs\Coder-Backend\tercera-entrega\src\controllers\users.js:11:13)
      at Strategy.signup [as _verify] (D:\docs\Coder-Backend\tercera-entrega\src\services\auth.js:51:28)
      at Strategy.authenticate (D:\docs\Coder-Backend\tercera-entrega\node_modules\passport-local\lib\strategy.js:88:12)
      at attempt (D:\docs\Coder-Backend\tercera-entrega\node_modules\passport\lib\middleware\authenticate.js:369:16)
      at authenticate (D:\docs\Coder-Backend\tercera-entrega\node_modules\passport\lib\middleware\authenticate.js:370:7)
      at signUp (D:\docs\Coder-Backend\tercera-entrega\src\routes\auth.js:17:7)
      at Layer.handle [as handle_request] (D:\docs\Coder-Backend\tercera-entrega\node_modules\express\lib\router\layer.js:95:5)
      at next (D:\docs\Coder-Backend\tercera-entrega\node_modules\express\lib\router\route.js:144:13)
      at Route.dispatch (D:\docs\Coder-Backend\tercera-entrega\node_modules\express\lib\router\route.js:114:3)
      at Layer.handle [as handle_request] (D:\docs\Coder-Backend\tercera-entrega\node_modules\express\lib\router\layer.js:95:5),
  timestamp: '2022-09-05T15:43:10.705Z'
}
{ level: 'error', timestamp: '2022-09-05T15:43:10.712Z' }
{
  message: 'Ingreso',
  level: 'info',
  timestamp: '2022-09-05T15:49:05.859Z'
}
{
  message: {
    email: 'martin@martin.com',
    password: 'prueba',
    firstName: 'Martin',
    lastName: 'Cagliolo',
    age: 30,
    admin: false,
    address: { street: 'congreso 5080', city: 'buenos aires' }
  },
  level: 'info',
  timestamp: '2022-09-05T15:49:05.862Z'
}
{
  message: 'info signup',
  level: 'info',
  timestamp: '2022-09-05T15:49:05.865Z'
}
{
  level: 'info',
  message: TypeError: Cannot read property 'findByEmail' of undefined
      at getUserByEmail (D:\docs\Coder-Backend\tercera-entrega\src\controllers\users.js:11:13)
      at Strategy.signup [as _verify] (D:\docs\Coder-Backend\tercera-entrega\src\services\auth.js:51:28)
      at Strategy.authenticate (D:\docs\Coder-Backend\tercera-entrega\node_modules\passport-local\lib\strategy.js:88:12)
      at attempt (D:\docs\Coder-Backend\tercera-entrega\node_modules\passport\lib\middleware\authenticate.js:369:16)
      at authenticate (D:\docs\Coder-Backend\tercera-entrega\node_modules\passport\lib\middleware\authenticate.js:370:7)
      at signUp (D:\docs\Coder-Backend\tercera-entrega\src\routes\auth.js:17:7)
      at Layer.handle [as handle_request] (D:\docs\Coder-Backend\tercera-entrega\node_modules\express\lib\router\layer.js:95:5)
      at next (D:\docs\Coder-Backend\tercera-entrega\node_modules\express\lib\router\route.js:144:13)
      at Route.dispatch (D:\docs\Coder-Backend\tercera-entrega\node_modules\express\lib\router\route.js:114:3)
      at Layer.handle [as handle_request] (D:\docs\Coder-Backend\tercera-entrega\node_modules\express\lib\router\layer.js:95:5),
  timestamp: '2022-09-05T15:49:05.866Z'
}
{ level: 'error', timestamp: '2022-09-05T15:49:05.869Z' }
{
  message: 'Servidor escuchando en el puerto 3000',
  level: 'info',
  timestamp: '2022-09-05T15:59:16.242Z'
}
{
  message: 'Servidor escuchando en el puerto 3000',
  level: 'info',
  timestamp: '2022-09-05T15:59:23.889Z'
}
{
  message: 'Ingreso',
  level: 'info',
  timestamp: '2022-09-05T15:59:24.659Z'
}
{
  message: {
    email: 'martin@martin.com',
    password: 'prueba',
    firstName: 'Martin',
    lastName: 'Cagliolo',
    age: 30,
    admin: false,
    address: { street: 'congreso 5080', city: 'buenos aires' }
  },
  level: 'info',
  timestamp: '2022-09-05T15:59:24.662Z'
}
{
  message: 'info signup',
  level: 'info',
  timestamp: '2022-09-05T15:59:24.689Z'
}
{
  level: 'info',
  message: TypeError: Cannot read property '_id' of undefined
      at createUser (D:\docs\Coder-Backend\tercera-entrega\src\controllers\users.js:16:34)
      at processTicksAndRejections (internal/process/task_queues.js:95:5)
      at async Strategy.signup [as _verify] (D:\docs\Coder-Backend\tercera-entrega\src\services\auth.js:66:29),
  timestamp: '2022-09-05T15:59:24.692Z'
}
{ level: 'error', timestamp: '2022-09-05T15:59:24.698Z' }
{
  message: 'Servidor escuchando en el puerto 3000',
  level: 'info',
  timestamp: '2022-09-05T16:25:53.657Z'
}
{
  message: 'Ingreso',
  level: 'info',
  timestamp: '2022-09-05T16:25:58.375Z'
}
{
  message: {
    email: 'martin@martin.com',
    password: 'prueba',
    firstName: 'Martin',
    lastName: 'Cagliolo',
    age: 30,
    admin: false,
    address: { street: 'congreso 5080', city: 'buenos aires' }
  },
  level: 'info',
  timestamp: '2022-09-05T16:25:58.380Z'
}
{
  message: 'info signup',
  level: 'info',
  timestamp: '2022-09-05T16:25:58.411Z'
}
{
  level: 'info',
  message: TypeError: Cannot read property '_id' of undefined
      at createUser (D:\docs\Coder-Backend\tercera-entrega\src\controllers\users.js:16:34)
      at processTicksAndRejections (internal/process/task_queues.js:95:5)
      at async Strategy.signup [as _verify] (D:\docs\Coder-Backend\tercera-entrega\src\services\auth.js:66:29),
  timestamp: '2022-09-05T16:25:58.413Z'
}
{ level: 'error', timestamp: '2022-09-05T16:25:58.421Z' }
{
  message: 'Servidor escuchando en el puerto 3000',
  level: 'info',
  timestamp: '2022-09-05T16:27:13.458Z'
}
{
  message: 'Ingreso',
  level: 'info',
  timestamp: '2022-09-05T16:27:15.699Z'
}
{
  message: {
    email: 'martin@martin.com',
    password: 'prueba',
    firstName: 'Martin',
    lastName: 'Cagliolo',
    age: 30,
    admin: false,
    address: { street: 'congreso 5080', city: 'buenos aires' }
  },
  level: 'info',
  timestamp: '2022-09-05T16:27:15.701Z'
}
{
  message: 'info signup',
  level: 'info',
  timestamp: '2022-09-05T16:27:15.737Z'
}
{
  level: 'info',
  message: TypeError: Cannot read property 'id' of undefined
      at createUser (D:\docs\Coder-Backend\tercera-entrega\src\controllers\users.js:16:34)
      at processTicksAndRejections (internal/process/task_queues.js:95:5)
      at async Strategy.signup [as _verify] (D:\docs\Coder-Backend\tercera-entrega\src\services\auth.js:66:29),
  timestamp: '2022-09-05T16:27:15.738Z'
}
{ level: 'error', timestamp: '2022-09-05T16:27:15.743Z' }
{
  message: 'Servidor escuchando en el puerto 3000',
  level: 'info',
  timestamp: '2022-09-05T16:27:46.597Z'
}
{
  message: 'Ingreso',
  level: 'info',
  timestamp: '2022-09-05T16:28:00.099Z'
}
{
  message: {
    email: 'martin@martin.com',
    password: 'prueba',
    firstName: 'Martin',
    lastName: 'Cagliolo',
    age: 30,
    admin: false,
    address: { street: 'congreso 5080', city: 'buenos aires' }
  },
  level: 'info',
  timestamp: '2022-09-05T16:28:00.101Z'
}
{
  message: 'info signup',
  level: 'info',
  timestamp: '2022-09-05T16:28:00.131Z'
}
{
  level: 'info',
  message: TypeError: Cannot read property 'id' of undefined
      at createUser (D:\docs\Coder-Backend\tercera-entrega\src\controllers\users.js:16:34)
      at Strategy.signup [as _verify] (D:\docs\Coder-Backend\tercera-entrega\src\services\auth.js:66:35)
      at Strategy.authenticate (D:\docs\Coder-Backend\tercera-entrega\node_modules\passport-local\lib\strategy.js:88:12)
      at attempt (D:\docs\Coder-Backend\tercera-entrega\node_modules\passport\lib\middleware\authenticate.js:369:16)
      at authenticate (D:\docs\Coder-Backend\tercera-entrega\node_modules\passport\lib\middleware\authenticate.js:370:7)
      at signUp (D:\docs\Coder-Backend\tercera-entrega\src\routes\auth.js:17:7)
      at Layer.handle [as handle_request] (D:\docs\Coder-Backend\tercera-entrega\node_modules\express\lib\router\layer.js:95:5)
      at next (D:\docs\Coder-Backend\tercera-entrega\node_modules\express\lib\router\route.js:144:13)
      at Route.dispatch (D:\docs\Coder-Backend\tercera-entrega\node_modules\express\lib\router\route.js:114:3)
      at Layer.handle [as handle_request] (D:\docs\Coder-Backend\tercera-entrega\node_modules\express\lib\router\layer.js:95:5),
  timestamp: '2022-09-05T16:28:00.136Z'
}
{ level: 'error', timestamp: '2022-09-05T16:28:00.147Z' }
{
  message: 'Servidor escuchando en el puerto 3000',
  level: 'info',
  timestamp: '2022-09-05T16:28:58.971Z'
}
{
  message: 'Ingreso',
  level: 'info',
  timestamp: '2022-09-05T16:28:59.587Z'
}
{
  message: {
    email: 'martin@martin.com',
    password: 'prueba',
    firstName: 'Martin',
    lastName: 'Cagliolo',
    age: 30,
    admin: false,
    address: { street: 'congreso 5080', city: 'buenos aires' }
  },
  level: 'info',
  timestamp: '2022-09-05T16:28:59.588Z'
}
{
  message: 'info signup',
  level: 'info',
  timestamp: '2022-09-05T16:28:59.642Z'
}
{
  level: 'info',
  message: TypeError: Cannot read property 'id' of undefined
      at createUser (D:\docs\Coder-Backend\tercera-entrega\src\controllers\users.js:16:34)
      at Strategy.signup [as _verify] (D:\docs\Coder-Backend\tercera-entrega\src\services\auth.js:66:35)
      at Strategy.authenticate (D:\docs\Coder-Backend\tercera-entrega\node_modules\passport-local\lib\strategy.js:88:12)
      at attempt (D:\docs\Coder-Backend\tercera-entrega\node_modules\passport\lib\middleware\authenticate.js:369:16)
      at authenticate (D:\docs\Coder-Backend\tercera-entrega\node_modules\passport\lib\middleware\authenticate.js:370:7)
      at signUp (D:\docs\Coder-Backend\tercera-entrega\src\routes\auth.js:17:7)
      at Layer.handle [as handle_request] (D:\docs\Coder-Backend\tercera-entrega\node_modules\express\lib\router\layer.js:95:5)
      at next (D:\docs\Coder-Backend\tercera-entrega\node_modules\express\lib\router\route.js:144:13)
      at Route.dispatch (D:\docs\Coder-Backend\tercera-entrega\node_modules\express\lib\router\route.js:114:3)
      at Layer.handle [as handle_request] (D:\docs\Coder-Backend\tercera-entrega\node_modules\express\lib\router\layer.js:95:5),
  timestamp: '2022-09-05T16:28:59.651Z'
}
{ level: 'error', timestamp: '2022-09-05T16:28:59.689Z' }
{
  message: 'Servidor escuchando en el puerto 3000',
  level: 'info',
  timestamp: '2022-09-05T16:29:58.247Z'
}
{
  message: 'Ingreso',
  level: 'info',
  timestamp: '2022-09-05T16:30:01.316Z'
}
{
  message: {
    email: 'martin@martin.com',
    password: 'prueba',
    firstName: 'Martin',
    lastName: 'Cagliolo',
    age: 30,
    admin: false,
    address: { street: 'congreso 5080', city: 'buenos aires' }
  },
  level: 'info',
  timestamp: '2022-09-05T16:30:01.318Z'
}
{
  message: 'info signup',
  level: 'info',
  timestamp: '2022-09-05T16:30:01.364Z'
}
{
  level: 'info',
  message: Error: cart validation failed: userId: Path `userId` is required.
      at ValidationError.inspect (D:\docs\Coder-Backend\tercera-entrega\node_modules\mongoose\lib\error\validation.js:48:26)
      at formatValue (internal/util/inspect.js:736:19)
      at formatProperty (internal/util/inspect.js:1650:11)
      at formatRaw (internal/util/inspect.js:978:9)
      at formatValue (internal/util/inspect.js:765:10)
      at inspect (internal/util/inspect.js:310:10)
      at Format.transform (D:\docs\Coder-Backend\tercera-entrega\node_modules\logform\pretty-print.js:27:19)
      at Format.transform (D:\docs\Coder-Backend\tercera-entrega\node_modules\logform\combine.js:20:24)
      at DerivedLogger._transform (D:\docs\Coder-Backend\tercera-entrega\node_modules\winston\lib\winston\logger.js:313:29)
      at DerivedLogger.Transform._read (D:\docs\Coder-Backend\tercera-entrega\node_modules\readable-stream\lib\_stream_transform.js:177:10) {
    errors: {
      userId: ValidatorError: Path `userId` is required.
          at validate (D:\docs\Coder-Backend\tercera-entrega\node_modules\mongoose\lib\schematype.js:1337:13)
          at ObjectId.SchemaType.doValidate (D:\docs\Coder-Backend\tercera-entrega\node_modules\mongoose\lib\schematype.js:1321:7)
          at D:\docs\Coder-Backend\tercera-entrega\node_modules\mongoose\lib\document.js:2831:18
          at processTicksAndRejections (internal/process/task_queues.js:77:11) {
        properties: {
          validator: [Function (anonymous)],
          message: 'Path `userId` is required.',
          type: 'required',
          path: 'userId',
          value: undefined
        },
        kind: 'required',
        path: 'userId',
        value: undefined,
        reason: undefined,
        [Symbol(mongoose:validatorError)]: true
      }
    },
    _message: 'cart validation failed'
  },
  timestamp: '2022-09-05T16:30:01.373Z'
}
{
  errors: {
    userId: ValidatorError: Path `userId` is required.
        at validate (D:\docs\Coder-Backend\tercera-entrega\node_modules\mongoose\lib\schematype.js:1337:13)
        at ObjectId.SchemaType.doValidate (D:\docs\Coder-Backend\tercera-entrega\node_modules\mongoose\lib\schematype.js:1321:7)
        at D:\docs\Coder-Backend\tercera-entrega\node_modules\mongoose\lib\document.js:2831:18
        at processTicksAndRejections (internal/process/task_queues.js:77:11) {
      properties: {
        validator: [Function (anonymous)],
        message: 'Path `userId` is required.',
        type: 'required',
        path: 'userId',
        value: undefined
      },
      kind: 'required',
      path: 'userId',
      value: undefined,
      reason: undefined,
      [Symbol(mongoose:validatorError)]: true
    }
  },
  _message: 'cart validation failed',
  level: 'error',
  timestamp: '2022-09-05T16:30:01.438Z'
}
{
  message: 'Servidor escuchando en el puerto 3000',
  level: 'info',
  timestamp: '2022-09-05T16:30:37.990Z'
}
{
  message: 'Ingreso',
  level: 'info',
  timestamp: '2022-09-05T16:30:38.699Z'
}
{
  message: {
    email: 'martin@martin.com',
    password: 'prueba',
    firstName: 'Martin',
    lastName: 'Cagliolo',
    age: 30,
    admin: false,
    address: { street: 'congreso 5080', city: 'buenos aires' }
  },
  level: 'info',
  timestamp: '2022-09-05T16:30:38.702Z'
}
{
  message: 'info signup',
  level: 'info',
  timestamp: '2022-09-05T16:30:38.736Z'
}
{
  level: 'info',
  message: TypeError: Cannot read property 'userId' of undefined
      at createUser (D:\docs\Coder-Backend\tercera-entrega\src\controllers\users.js:16:34)
      at Strategy.signup [as _verify] (D:\docs\Coder-Backend\tercera-entrega\src\services\auth.js:66:35)
      at Strategy.authenticate (D:\docs\Coder-Backend\tercera-entrega\node_modules\passport-local\lib\strategy.js:88:12)
      at attempt (D:\docs\Coder-Backend\tercera-entrega\node_modules\passport\lib\middleware\authenticate.js:369:16)
      at authenticate (D:\docs\Coder-Backend\tercera-entrega\node_modules\passport\lib\middleware\authenticate.js:370:7)
      at signUp (D:\docs\Coder-Backend\tercera-entrega\src\routes\auth.js:17:7)
      at Layer.handle [as handle_request] (D:\docs\Coder-Backend\tercera-entrega\node_modules\express\lib\router\layer.js:95:5)
      at next (D:\docs\Coder-Backend\tercera-entrega\node_modules\express\lib\router\route.js:144:13)
      at Route.dispatch (D:\docs\Coder-Backend\tercera-entrega\node_modules\express\lib\router\route.js:114:3)
      at Layer.handle [as handle_request] (D:\docs\Coder-Backend\tercera-entrega\node_modules\express\lib\router\layer.js:95:5),
  timestamp: '2022-09-05T16:30:38.738Z'
}
{ level: 'error', timestamp: '2022-09-05T16:30:38.757Z' }
{
  message: 'Ingreso',
  level: 'info',
  timestamp: '2022-09-05T16:31:06.283Z'
}
{
  message: {
    _id: 1,
    email: 'martin@martin.com',
    password: 'prueba',
    firstName: 'Martin',
    lastName: 'Cagliolo',
    age: 30,
    admin: false,
    address: { street: 'congreso 5080', city: 'buenos aires' }
  },
  level: 'info',
  timestamp: '2022-09-05T16:31:06.285Z'
}
{
  message: 'info signup',
  level: 'info',
  timestamp: '2022-09-05T16:31:06.291Z'
}
{
  level: 'info',
  message: TypeError: Cannot read property 'userId' of undefined
      at createUser (D:\docs\Coder-Backend\tercera-entrega\src\controllers\users.js:16:34)
      at Strategy.signup [as _verify] (D:\docs\Coder-Backend\tercera-entrega\src\services\auth.js:66:35)
      at Strategy.authenticate (D:\docs\Coder-Backend\tercera-entrega\node_modules\passport-local\lib\strategy.js:88:12)
      at attempt (D:\docs\Coder-Backend\tercera-entrega\node_modules\passport\lib\middleware\authenticate.js:369:16)
      at authenticate (D:\docs\Coder-Backend\tercera-entrega\node_modules\passport\lib\middleware\authenticate.js:370:7)
      at signUp (D:\docs\Coder-Backend\tercera-entrega\src\routes\auth.js:17:7)
      at Layer.handle [as handle_request] (D:\docs\Coder-Backend\tercera-entrega\node_modules\express\lib\router\layer.js:95:5)
      at next (D:\docs\Coder-Backend\tercera-entrega\node_modules\express\lib\router\route.js:144:13)
      at Route.dispatch (D:\docs\Coder-Backend\tercera-entrega\node_modules\express\lib\router\route.js:114:3)
      at Layer.handle [as handle_request] (D:\docs\Coder-Backend\tercera-entrega\node_modules\express\lib\router\layer.js:95:5),
  timestamp: '2022-09-05T16:31:06.293Z'
}
{ level: 'error', timestamp: '2022-09-05T16:31:06.298Z' }
{
  message: 'Servidor escuchando en el puerto 3000',
  level: 'info',
  timestamp: '2022-09-05T16:31:19.786Z'
}
{
  message: 'Ingreso',
  level: 'info',
  timestamp: '2022-09-05T16:31:22.103Z'
}
{
  message: {
    _id: 1,
    email: 'martin@martin.com',
    password: 'prueba',
    firstName: 'Martin',
    lastName: 'Cagliolo',
    age: 30,
    admin: false,
    address: { street: 'congreso 5080', city: 'buenos aires' }
  },
  level: 'info',
  timestamp: '2022-09-05T16:31:22.104Z'
}
{
  message: 'info signup',
  level: 'info',
  timestamp: '2022-09-05T16:31:22.136Z'
}
{
  level: 'info',
  message: TypeError: Cannot read property '_id' of undefined
      at createUser (D:\docs\Coder-Backend\tercera-entrega\src\controllers\users.js:16:34)
      at Strategy.signup [as _verify] (D:\docs\Coder-Backend\tercera-entrega\src\services\auth.js:66:35)
      at Strategy.authenticate (D:\docs\Coder-Backend\tercera-entrega\node_modules\passport-local\lib\strategy.js:88:12)
      at attempt (D:\docs\Coder-Backend\tercera-entrega\node_modules\passport\lib\middleware\authenticate.js:369:16)
      at authenticate (D:\docs\Coder-Backend\tercera-entrega\node_modules\passport\lib\middleware\authenticate.js:370:7)
      at signUp (D:\docs\Coder-Backend\tercera-entrega\src\routes\auth.js:17:7)
      at Layer.handle [as handle_request] (D:\docs\Coder-Backend\tercera-entrega\node_modules\express\lib\router\layer.js:95:5)
      at next (D:\docs\Coder-Backend\tercera-entrega\node_modules\express\lib\router\route.js:144:13)
      at Route.dispatch (D:\docs\Coder-Backend\tercera-entrega\node_modules\express\lib\router\route.js:114:3)
      at Layer.handle [as handle_request] (D:\docs\Coder-Backend\tercera-entrega\node_modules\express\lib\router\layer.js:95:5),
  timestamp: '2022-09-05T16:31:22.137Z'
}
{ level: 'error', timestamp: '2022-09-05T16:31:22.143Z' }
{
  message: 'Ingreso',
  level: 'info',
  timestamp: '2022-09-05T16:39:34.715Z'
}
{
  message: {
    _id: 1,
    email: 'martin@martin.com',
    password: 'prueba',
    firstName: 'Martin',
    lastName: 'Cagliolo',
    age: 30,
    admin: false,
    address: { street: 'congreso 5080', city: 'buenos aires' }
  },
  level: 'info',
  timestamp: '2022-09-05T16:39:34.717Z'
}
{
  message: 'info signup',
  level: 'info',
  timestamp: '2022-09-05T16:39:34.724Z'
}
{
  level: 'info',
  message: TypeError: Cannot read property '_id' of undefined
      at createUser (D:\docs\Coder-Backend\tercera-entrega\src\controllers\users.js:16:34)
      at Strategy.signup [as _verify] (D:\docs\Coder-Backend\tercera-entrega\src\services\auth.js:66:35)
      at Strategy.authenticate (D:\docs\Coder-Backend\tercera-entrega\node_modules\passport-local\lib\strategy.js:88:12)
      at attempt (D:\docs\Coder-Backend\tercera-entrega\node_modules\passport\lib\middleware\authenticate.js:369:16)
      at authenticate (D:\docs\Coder-Backend\tercera-entrega\node_modules\passport\lib\middleware\authenticate.js:370:7)
      at signUp (D:\docs\Coder-Backend\tercera-entrega\src\routes\auth.js:17:7)
      at Layer.handle [as handle_request] (D:\docs\Coder-Backend\tercera-entrega\node_modules\express\lib\router\layer.js:95:5)
      at next (D:\docs\Coder-Backend\tercera-entrega\node_modules\express\lib\router\route.js:144:13)
      at Route.dispatch (D:\docs\Coder-Backend\tercera-entrega\node_modules\express\lib\router\route.js:114:3)
      at Layer.handle [as handle_request] (D:\docs\Coder-Backend\tercera-entrega\node_modules\express\lib\router\layer.js:95:5),
  timestamp: '2022-09-05T16:39:34.725Z'
}
{ level: 'error', timestamp: '2022-09-05T16:39:34.731Z' }
{
  message: 'Servidor escuchando en el puerto 3000',
  level: 'info',
  timestamp: '2022-09-05T16:41:38.809Z'
}
{
  message: 'Ingreso',
  level: 'info',
  timestamp: '2022-09-05T16:41:46.108Z'
}
{
  message: {
    _id: 1,
    email: 'martin@martin.com',
    password: 'prueba',
    firstName: 'Martin',
    lastName: 'Cagliolo',
    age: 30,
    admin: false,
    address: { street: 'congreso 5080', city: 'buenos aires' }
  },
  level: 'info',
  timestamp: '2022-09-05T16:41:46.111Z'
}
{
  message: 'info signup',
  level: 'info',
  timestamp: '2022-09-05T16:41:46.151Z'
}
{
  level: 'info',
  message: TypeError: Cannot read property '_id' of undefined
      at createUser (D:\docs\Coder-Backend\tercera-entrega\src\controllers\users.js:16:34)
      at Strategy.signup [as _verify] (D:\docs\Coder-Backend\tercera-entrega\src\services\auth.js:66:35)
      at Strategy.authenticate (D:\docs\Coder-Backend\tercera-entrega\node_modules\passport-local\lib\strategy.js:88:12)
      at attempt (D:\docs\Coder-Backend\tercera-entrega\node_modules\passport\lib\middleware\authenticate.js:369:16)
      at authenticate (D:\docs\Coder-Backend\tercera-entrega\node_modules\passport\lib\middleware\authenticate.js:370:7)
      at signUp (D:\docs\Coder-Backend\tercera-entrega\src\routes\auth.js:17:7)
      at Layer.handle [as handle_request] (D:\docs\Coder-Backend\tercera-entrega\node_modules\express\lib\router\layer.js:95:5)
      at next (D:\docs\Coder-Backend\tercera-entrega\node_modules\express\lib\router\route.js:144:13)
      at Route.dispatch (D:\docs\Coder-Backend\tercera-entrega\node_modules\express\lib\router\route.js:114:3)
      at Layer.handle [as handle_request] (D:\docs\Coder-Backend\tercera-entrega\node_modules\express\lib\router\layer.js:95:5),
  timestamp: '2022-09-05T16:41:46.153Z'
}
{ level: 'error', timestamp: '2022-09-05T16:41:46.187Z' }
{
  message: 'Servidor escuchando en el puerto 3000',
  level: 'info',
  timestamp: '2022-09-05T16:42:51.965Z'
}
{
  message: 'Ingreso',
  level: 'info',
  timestamp: '2022-09-05T16:42:52.202Z'
}
{
  message: {
    _id: 1,
    email: 'martin@martin.com',
    password: 'prueba',
    firstName: 'Martin',
    lastName: 'Cagliolo',
    age: 30,
    admin: false,
    address: { street: 'congreso 5080', city: 'buenos aires' }
  },
  level: 'info',
  timestamp: '2022-09-05T16:42:52.205Z'
}
{
  message: 'info signup',
  level: 'info',
  timestamp: '2022-09-05T16:42:52.267Z'
}
{
  level: 'info',
  message: TypeError: Cannot read property '_id' of undefined
      at createUser (D:\docs\Coder-Backend\tercera-entrega\src\controllers\users.js:16:34)
      at Strategy.signup [as _verify] (D:\docs\Coder-Backend\tercera-entrega\src\services\auth.js:66:35)
      at Strategy.authenticate (D:\docs\Coder-Backend\tercera-entrega\node_modules\passport-local\lib\strategy.js:88:12)
      at attempt (D:\docs\Coder-Backend\tercera-entrega\node_modules\passport\lib\middleware\authenticate.js:369:16)
      at authenticate (D:\docs\Coder-Backend\tercera-entrega\node_modules\passport\lib\middleware\authenticate.js:370:7)
      at signUp (D:\docs\Coder-Backend\tercera-entrega\src\routes\auth.js:17:7)
      at Layer.handle [as handle_request] (D:\docs\Coder-Backend\tercera-entrega\node_modules\express\lib\router\layer.js:95:5)
      at next (D:\docs\Coder-Backend\tercera-entrega\node_modules\express\lib\router\route.js:144:13)
      at Route.dispatch (D:\docs\Coder-Backend\tercera-entrega\node_modules\express\lib\router\route.js:114:3)
      at Layer.handle [as handle_request] (D:\docs\Coder-Backend\tercera-entrega\node_modules\express\lib\router\layer.js:95:5),
  timestamp: '2022-09-05T16:42:52.274Z'
}
{ level: 'error', timestamp: '2022-09-05T16:42:52.296Z' }
{
  message: 'Servidor escuchando en el puerto 3000',
  level: 'info',
  timestamp: '2022-09-05T16:46:46.320Z'
}
{
  message: 'Servidor escuchando en el puerto 3000',
  level: 'info',
  timestamp: '2022-09-05T16:47:57.314Z'
}
{
  message: 'Ingreso',
  level: 'info',
  timestamp: '2022-09-05T16:48:02.537Z'
}
{
  message: {
    _id: 1,
    email: 'martin@martin.com',
    password: 'prueba',
    firstName: 'Martin',
    lastName: 'Cagliolo',
    age: 30,
    admin: false,
    address: { street: 'congreso 5080', city: 'buenos aires' }
  },
  level: 'info',
  timestamp: '2022-09-05T16:48:02.539Z'
}
{
  message: 'info signup',
  level: 'info',
  timestamp: '2022-09-05T16:48:02.570Z'
}
{
  level: 'info',
  message: TypeError: Cannot read property 'notifyNewUserByEmail' of undefined
      at Strategy.signup [as _verify] (D:\docs\Coder-Backend\tercera-entrega\src\services\auth.js:67:39)
      at processTicksAndRejections (internal/process/task_queues.js:95:5),
  timestamp: '2022-09-05T16:48:02.573Z'
}
{ level: 'error', timestamp: '2022-09-05T16:48:02.587Z' }
{
  message: 'Servidor escuchando en el puerto 3000',
  level: 'info',
  timestamp: '2022-09-05T16:48:51.651Z'
}
{
  message: 'Ingreso',
  level: 'info',
  timestamp: '2022-09-05T16:48:52.895Z'
}
{
  message: {
    _id: 1,
    email: 'martin@martin.com',
    password: 'prueba',
    firstName: 'Martin',
    lastName: 'Cagliolo',
    age: 30,
    admin: false,
    address: { street: 'congreso 5080', city: 'buenos aires' }
  },
  level: 'info',
  timestamp: '2022-09-05T16:48:52.897Z'
}
{
  message: 'info signup',
  level: 'info',
  timestamp: '2022-09-05T16:48:53.640Z'
}
{
  level: 'info',
  message: Error: Missing credentials for "PLAIN"
      at SMTPConnection._formatError (D:\docs\Coder-Backend\tercera-entrega\node_modules\nodemailer\lib\smtp-connection\index.js:787:19)
      at SMTPConnection.login (D:\docs\Coder-Backend\tercera-entrega\node_modules\nodemailer\lib\smtp-connection\index.js:441:38)
      at D:\docs\Coder-Backend\tercera-entrega\node_modules\nodemailer\lib\smtp-transport\index.js:272:32
      at SMTPConnection.<anonymous> (D:\docs\Coder-Backend\tercera-entrega\node_modules\nodemailer\lib\smtp-connection\index.js:211:17)
      at Object.onceWrapper (events.js:481:28)
      at SMTPConnection.emit (events.js:375:28)
      at SMTPConnection._actionEHLO (D:\docs\Coder-Backend\tercera-entrega\node_modules\nodemailer\lib\smtp-connection\index.js:1322:14)
      at SMTPConnection._processResponse (D:\docs\Coder-Backend\tercera-entrega\node_modules\nodemailer\lib\smtp-connection\index.js:950:20)
      at SMTPConnection._onData (D:\docs\Coder-Backend\tercera-entrega\node_modules\nodemailer\lib\smtp-connection\index.js:752:14)
      at TLSSocket.SMTPConnection._onSocketData (D:\docs\Coder-Backend\tercera-entrega\node_modules\nodemailer\lib\smtp-connection\index.js:191:44) {
    code: 'EAUTH',
    command: 'API'
  },
  timestamp: '2022-09-05T16:48:53.642Z'
}
{
  code: 'EAUTH',
  command: 'API',
  level: 'error',
  timestamp: '2022-09-05T16:48:53.648Z'
}
{
  message: 'Servidor escuchando en el puerto 3000',
  level: 'info',
  timestamp: '2022-09-05T16:50:23.946Z'
}
{
  message: 'Servidor escuchando en el puerto 3000',
  level: 'info',
  timestamp: '2022-09-05T16:50:28.029Z'
}
{
  message: 'Ingreso',
  level: 'info',
  timestamp: '2022-09-05T16:50:32.782Z'
}
{
  message: {
    _id: 1,
    email: 'martin@martin.com',
    password: 'prueba',
    firstName: 'Martin',
    lastName: 'Cagliolo',
    age: 30,
    admin: false,
    address: { street: 'congreso 5080', city: 'buenos aires' }
  },
  level: 'info',
  timestamp: '2022-09-05T16:50:32.784Z'
}
{
  message: 'info signup',
  level: 'info',
  timestamp: '2022-09-05T16:50:32.902Z'
}
{
  level: 'info',
  message: Error: connect ECONNREFUSED 127.0.0.1:587
      at TCPConnectWrap.afterConnect [as oncomplete] (net.js:1148:16) {
    errno: -4078,
    code: 'ESOCKET',
    syscall: 'connect',
    address: '127.0.0.1',
    port: 587,
    command: 'CONN'
  },
  timestamp: '2022-09-05T16:50:32.904Z'
}
{
  errno: -4078,
  code: 'ESOCKET',
  syscall: 'connect',
  address: '127.0.0.1',
  port: 587,
  command: 'CONN',
  level: 'error',
  timestamp: '2022-09-05T16:50:32.908Z'
}
{
  message: 'Servidor escuchando en el puerto 3000',
  level: 'info',
  timestamp: '2022-09-05T16:52:26.815Z'
}
{
  message: 'Ingreso',
  level: 'info',
  timestamp: '2022-09-05T16:52:28.318Z'
}
{
  message: {
    _id: 1,
    email: 'martin@martin.com',
    password: 'prueba',
    firstName: 'Martin',
    lastName: 'Cagliolo',
    age: 30,
    admin: false,
    address: { street: 'congreso 5080', city: 'buenos aires' }
  },
  level: 'info',
  timestamp: '2022-09-05T16:52:28.320Z'
}
{
  message: 'info signup',
  level: 'info',
  timestamp: '2022-09-05T16:52:28.646Z'
}
{
  level: 'info',
  message: Error: connect ECONNREFUSED 127.0.0.1:486
      at TCPConnectWrap.afterConnect [as oncomplete] (net.js:1148:16) {
    errno: -4078,
    code: 'ESOCKET',
    syscall: 'connect',
    address: '127.0.0.1',
    port: 486,
    command: 'CONN'
  },
  timestamp: '2022-09-05T16:52:28.648Z'
}
{
  errno: -4078,
  code: 'ESOCKET',
  syscall: 'connect',
  address: '127.0.0.1',
  port: 486,
  command: 'CONN',
  level: 'error',
  timestamp: '2022-09-05T16:52:28.653Z'
}
{
  message: 'Servidor escuchando en el puerto 3000',
  level: 'info',
  timestamp: '2022-09-05T16:53:25.810Z'
}
{
  message: 'Ingreso',
  level: 'info',
  timestamp: '2022-09-05T16:53:26.457Z'
}
{
  message: {
    _id: 1,
    email: 'martin@martin.com',
    password: 'prueba',
    firstName: 'Martin',
    lastName: 'Cagliolo',
    age: 30,
    admin: false,
    address: { street: 'congreso 5080', city: 'buenos aires' }
  },
  level: 'info',
  timestamp: '2022-09-05T16:53:26.459Z'
}
{
  message: 'info signup',
  level: 'info',
  timestamp: '2022-09-05T16:53:26.731Z'
}
{
  level: 'info',
  message: Error: connect ECONNREFUSED 127.0.0.1:465
      at TCPConnectWrap.afterConnect [as oncomplete] (net.js:1148:16) {
    errno: -4078,
    code: 'ESOCKET',
    syscall: 'connect',
    address: '127.0.0.1',
    port: 465,
    command: 'CONN'
  },
  timestamp: '2022-09-05T16:53:26.733Z'
}
{
  errno: -4078,
  code: 'ESOCKET',
  syscall: 'connect',
  address: '127.0.0.1',
  port: 465,
  command: 'CONN',
  level: 'error',
  timestamp: '2022-09-05T16:53:26.737Z'
}
{
  message: 'Servidor escuchando en el puerto 3000',
  level: 'info',
  timestamp: '2022-09-05T16:54:19.521Z'
}
{
  message: 'Servidor escuchando en el puerto 3000',
  level: 'info',
  timestamp: '2022-09-05T16:54:58.264Z'
}
{
  message: 'Servidor escuchando en el puerto 3000',
  level: 'info',
  timestamp: '2022-09-05T16:55:18.420Z'
}
{
  message: 'Ingreso',
  level: 'info',
  timestamp: '2022-09-05T16:55:23.356Z'
}
{
  message: {
    _id: 1,
    email: 'martin@martin.com',
    password: 'prueba',
    firstName: 'Martin',
    lastName: 'Cagliolo',
    age: 30,
    admin: false,
    address: { street: 'congreso 5080', city: 'buenos aires' }
  },
  level: 'info',
  timestamp: '2022-09-05T16:55:23.357Z'
}
{
  message: 'info signup',
  level: 'info',
  timestamp: '2022-09-05T16:55:23.608Z'
}
{
  level: 'info',
  message: Error: connect ECONNREFUSED 127.0.0.1:465
      at TCPConnectWrap.afterConnect [as oncomplete] (net.js:1148:16) {
    errno: -4078,
    code: 'ESOCKET',
    syscall: 'connect',
    address: '127.0.0.1',
    port: 465,
    command: 'CONN'
  },
  timestamp: '2022-09-05T16:55:23.610Z'
}
{
  errno: -4078,
  code: 'ESOCKET',
  syscall: 'connect',
  address: '127.0.0.1',
  port: 465,
  command: 'CONN',
  level: 'error',
  timestamp: '2022-09-05T16:55:23.615Z'
}
{
  message: 'Servidor escuchando en el puerto 3000',
  level: 'info',
  timestamp: '2022-09-05T17:09:10.773Z'
}
{
  message: 'Ingreso',
  level: 'info',
  timestamp: '2022-09-05T17:09:13.451Z'
}
{
  message: {
    _id: 1,
    email: 'martin@martin.com',
    password: 'prueba',
    firstName: 'Martin',
    lastName: 'Cagliolo',
    age: 30,
    admin: false,
    address: { street: 'congreso 5080', city: 'buenos aires' }
  },
  level: 'info',
  timestamp: '2022-09-05T17:09:13.452Z'
}
{
  message: 'info signup',
  level: 'info',
  timestamp: '2022-09-05T17:09:13.476Z'
}
{ level: 'info', message: null, timestamp: '2022-09-05T17:09:13.482Z' }
{
  message: 'Login',
  level: 'info',
  timestamp: '2022-09-05T17:09:40.564Z'
}
{
  message: 'Login',
  level: 'info',
  timestamp: '2022-09-05T17:16:17.598Z'
}
{
  message: 'Servidor escuchando en el puerto 3000',
  level: 'info',
  timestamp: '2022-09-05T17:21:34.859Z'
}
{
  message: 'Servidor escuchando en el puerto 3000',
  level: 'info',
  timestamp: '2022-09-05T17:21:43.383Z'
}
{
  message: 'Ingreso',
  level: 'info',
  timestamp: '2022-09-05T17:21:46.888Z'
}
{
  message: {
    email: 'martin@martin.com',
    password: 'prueba',
    firstName: 'Martin',
    lastName: 'Cagliolo',
    age: 30,
    admin: false,
    address: { street: 'congreso 5080', city: 'buenos aires' }
  },
  level: 'info',
  timestamp: '2022-09-05T17:21:46.890Z'
}
{
  message: 'info signup',
  level: 'info',
  timestamp: '2022-09-05T17:21:46.920Z'
}
{ level: 'info', message: null, timestamp: '2022-09-05T17:21:46.922Z' }
{
  message: 'Servidor escuchando en el puerto 3000',
  level: 'info',
  timestamp: '2022-09-05T17:43:06.355Z'
}
{
  message: 'Servidor escuchando en el puerto 3000',
  level: 'info',
  timestamp: '2022-09-05T17:43:10.430Z'
}
{
  message: 'Servidor escuchando en el puerto 3000',
  level: 'info',
  timestamp: '2022-09-05T17:43:14.632Z'
}
{
  message: 'Servidor escuchando en el puerto 3000',
  level: 'info',
  timestamp: '2022-09-05T17:43:18.658Z'
}
{
  message: 'Servidor escuchando en el puerto 3000',
  level: 'info',
  timestamp: '2022-09-05T17:43:31.887Z'
}
{
  message: 'Servidor escuchando en el puerto 3000',
  level: 'info',
  timestamp: '2022-09-05T17:43:37.445Z'
}
{
  message: 'Servidor escuchando en el puerto 3000',
  level: 'info',
  timestamp: '2022-09-05T17:43:42.057Z'
}
{
  message: 'Servidor escuchando en el puerto 3000',
  level: 'info',
  timestamp: '2022-09-05T17:43:51.370Z'
}
{
  message: 'Servidor escuchando en el puerto 3000',
  level: 'info',
  timestamp: '2022-09-05T17:43:56.371Z'
}
{
  message: 'Servidor escuchando en el puerto 3000',
  level: 'info',
  timestamp: '2022-09-05T17:43:59.011Z'
}
{
  message: 'Servidor escuchando en el puerto 3000',
  level: 'info',
  timestamp: '2022-09-05T17:44:09.003Z'
}
{
  message: 'Servidor escuchando en el puerto 3000',
  level: 'info',
  timestamp: '2022-09-05T17:44:41.862Z'
}
{
  message: 'Ingreso',
  level: 'info',
  timestamp: '2022-09-05T17:44:52.596Z'
}
{
  message: {
    email: 'martin@martin.com',
    password: 'prueba',
    firstName: 'Martin',
    lastName: 'Cagliolo',
    age: 30,
    admin: false,
    address: { street: 'congreso 5080', city: 'buenos aires' }
  },
  level: 'info',
  timestamp: '2022-09-05T17:44:52.599Z'
}
{
  message: 'info signup',
  level: 'info',
  timestamp: '2022-09-05T17:44:52.623Z'
}
{ level: 'info', message: null, timestamp: '2022-09-05T17:44:52.633Z' }
{
  message: 'Servidor escuchando en el puerto 3000',
  level: 'info',
  timestamp: '2022-09-05T17:56:04.588Z'
}
{
  message: 'Servidor escuchando en el puerto 3000',
  level: 'info',
  timestamp: '2022-09-05T17:56:09.852Z'
}
{
  message: 'Ingreso',
  level: 'info',
  timestamp: '2022-09-05T17:56:27.632Z'
}
{
  message: {
    email: 'martin@martin.com',
    password: 'prueba',
    firstName: 'Martin',
    lastName: 'Cagliolo',
    age: 30,
    admin: false,
    address: { street: 'congreso 5080', city: 'buenos aires' }
  },
  level: 'info',
  timestamp: '2022-09-05T17:56:27.634Z'
}
{
  message: 'info signup',
  level: 'info',
  timestamp: '2022-09-05T17:56:27.639Z'
}
{
  level: 'info',
  message: ReferenceError: Cannot access 'userData' before initialization
      at Strategy.signup [as _verify] (D:\docs\Coder-Backend\tercera-entrega\src\services\auth.js:59:27)
      at Strategy.authenticate (D:\docs\Coder-Backend\tercera-entrega\node_modules\passport-local\lib\strategy.js:88:12)
      at attempt (D:\docs\Coder-Backend\tercera-entrega\node_modules\passport\lib\middleware\authenticate.js:369:16)
      at authenticate (D:\docs\Coder-Backend\tercera-entrega\node_modules\passport\lib\middleware\authenticate.js:370:7)
      at signUp (D:\docs\Coder-Backend\tercera-entrega\src\routes\auth.js:17:7)
      at Layer.handle [as handle_request] (D:\docs\Coder-Backend\tercera-entrega\node_modules\express\lib\router\layer.js:95:5)
      at next (D:\docs\Coder-Backend\tercera-entrega\node_modules\express\lib\router\route.js:144:13)
      at Route.dispatch (D:\docs\Coder-Backend\tercera-entrega\node_modules\express\lib\router\route.js:114:3)
      at Layer.handle [as handle_request] (D:\docs\Coder-Backend\tercera-entrega\node_modules\express\lib\router\layer.js:95:5)
      at D:\docs\Coder-Backend\tercera-entrega\node_modules\express\lib\router\index.js:284:15,
  timestamp: '2022-09-05T17:56:27.641Z'
}
{ level: 'error', timestamp: '2022-09-05T17:56:27.645Z' }
{
  message: 'Servidor escuchando en el puerto 3000',
  level: 'info',
  timestamp: '2022-09-05T18:04:40.495Z'
}
{
  message: 'Servidor escuchando en el puerto 3000',
  level: 'info',
  timestamp: '2022-09-05T18:04:47.483Z'
}
{
  message: 'Servidor escuchando en el puerto 3000',
  level: 'info',
  timestamp: '2022-09-05T18:06:56.100Z'
}
{
  message: 'Ingreso',
  level: 'info',
  timestamp: '2022-09-05T18:06:57.656Z'
}
{
  message: {
    email: 'martin@martin.com',
    password: 'prueba',
    firstName: 'Martin',
    lastName: 'Cagliolo',
    age: 30,
    admin: false,
    address: { street: 'congreso 5080', city: 'buenos aires' }
  },
  level: 'info',
  timestamp: '2022-09-05T18:06:57.658Z'
}
{
  message: 'info signup',
  level: 'info',
  timestamp: '2022-09-05T18:06:57.669Z'
}
{
  level: 'info',
  message: ReferenceError: Cannot access 'userData' before initialization
      at Strategy.signup [as _verify] (D:\docs\Coder-Backend\tercera-entrega\src\services\auth.js:66:27)
      at Strategy.authenticate (D:\docs\Coder-Backend\tercera-entrega\node_modules\passport-local\lib\strategy.js:88:12)
      at attempt (D:\docs\Coder-Backend\tercera-entrega\node_modules\passport\lib\middleware\authenticate.js:369:16)
      at authenticate (D:\docs\Coder-Backend\tercera-entrega\node_modules\passport\lib\middleware\authenticate.js:370:7)
      at signUp (D:\docs\Coder-Backend\tercera-entrega\src\routes\auth.js:17:7)
      at Layer.handle [as handle_request] (D:\docs\Coder-Backend\tercera-entrega\node_modules\express\lib\router\layer.js:95:5)
      at next (D:\docs\Coder-Backend\tercera-entrega\node_modules\express\lib\router\route.js:144:13)
      at Route.dispatch (D:\docs\Coder-Backend\tercera-entrega\node_modules\express\lib\router\route.js:114:3)
      at Layer.handle [as handle_request] (D:\docs\Coder-Backend\tercera-entrega\node_modules\express\lib\router\layer.js:95:5)
      at D:\docs\Coder-Backend\tercera-entrega\node_modules\express\lib\router\index.js:284:15,
  timestamp: '2022-09-05T18:06:57.677Z'
}
{ level: 'error', timestamp: '2022-09-05T18:06:57.691Z' }
{
  message: 'Servidor escuchando en el puerto 3000',
  level: 'info',
  timestamp: '2022-09-05T18:07:36.526Z'
}
{
  message: 'Servidor escuchando en el puerto 3000',
  level: 'info',
  timestamp: '2022-09-05T18:07:58.411Z'
}
{
  message: 'Servidor escuchando en el puerto 3000',
  level: 'info',
  timestamp: '2022-09-05T18:08:06.427Z'
}
{
  message: 'Servidor escuchando en el puerto 3000',
  level: 'info',
  timestamp: '2022-09-05T18:08:11.635Z'
}
{
  message: 'Servidor escuchando en el puerto 3000',
  level: 'info',
  timestamp: '2022-09-05T18:08:19.709Z'
}
{
  message: 'Servidor escuchando en el puerto 3000',
  level: 'info',
  timestamp: '2022-09-05T18:08:27.296Z'
}
{
  message: 'Servidor escuchando en el puerto 3000',
  level: 'info',
  timestamp: '2022-09-05T18:08:32.250Z'
}
{
  message: 'Servidor escuchando en el puerto 3000',
  level: 'info',
  timestamp: '2022-09-05T18:08:45.573Z'
}
{
  message: 'Servidor escuchando en el puerto 3000',
  level: 'info',
  timestamp: '2022-09-05T18:08:56.892Z'
}
{
  message: 'Servidor escuchando en el puerto 3000',
  level: 'info',
  timestamp: '2022-09-05T18:09:00.617Z'
}
{
  message: 'Servidor escuchando en el puerto 3000',
  level: 'info',
  timestamp: '2022-09-05T18:09:05.604Z'
}
{
  message: 'Servidor escuchando en el puerto 3000',
  level: 'info',
  timestamp: '2022-09-05T18:09:09.520Z'
}
{
  message: 'Servidor escuchando en el puerto 3000',
  level: 'info',
  timestamp: '2022-09-05T18:09:15.656Z'
}
{
  message: 'Servidor escuchando en el puerto 3000',
  level: 'info',
  timestamp: '2022-09-05T18:09:19.262Z'
}
{
  message: 'Servidor escuchando en el puerto 3000',
  level: 'info',
  timestamp: '2022-09-05T18:09:27.308Z'
}
{
  message: 'Ingreso',
  level: 'info',
  timestamp: '2022-09-05T18:10:11.275Z'
}
{
  message: {
    email: 'martin@martin.com',
    password: 'prueba',
    firstName: 'Martin',
    lastName: 'Cagliolo',
    age: 30,
    admin: false,
    address: { street: 'congreso 5080', city: 'buenos aires' }
  },
  level: 'info',
  timestamp: '2022-09-05T18:10:11.277Z'
}
{
  message: 'info signup',
  level: 'info',
  timestamp: '2022-09-05T18:10:11.286Z'
}
{
  level: 'info',
  message: TypeError: UserModel is not a constructor
      at Strategy.signup [as _verify] (D:\docs\Coder-Backend\tercera-entrega\src\services\auth.js:58:29)
      at Strategy.authenticate (D:\docs\Coder-Backend\tercera-entrega\node_modules\passport-local\lib\strategy.js:88:12)
      at attempt (D:\docs\Coder-Backend\tercera-entrega\node_modules\passport\lib\middleware\authenticate.js:369:16)
      at authenticate (D:\docs\Coder-Backend\tercera-entrega\node_modules\passport\lib\middleware\authenticate.js:370:7)
      at signUp (D:\docs\Coder-Backend\tercera-entrega\src\routes\auth.js:17:7)
      at Layer.handle [as handle_request] (D:\docs\Coder-Backend\tercera-entrega\node_modules\express\lib\router\layer.js:95:5)
      at next (D:\docs\Coder-Backend\tercera-entrega\node_modules\express\lib\router\route.js:144:13)
      at Route.dispatch (D:\docs\Coder-Backend\tercera-entrega\node_modules\express\lib\router\route.js:114:3)
      at Layer.handle [as handle_request] (D:\docs\Coder-Backend\tercera-entrega\node_modules\express\lib\router\layer.js:95:5)
      at D:\docs\Coder-Backend\tercera-entrega\node_modules\express\lib\router\index.js:284:15,
  timestamp: '2022-09-05T18:10:11.288Z'
}
{ level: 'error', timestamp: '2022-09-05T18:10:11.295Z' }
{
  message: 'Servidor escuchando en el puerto 3000',
  level: 'info',
  timestamp: '2022-09-05T18:10:28.588Z'
}
{
  message: 'Ingreso',
  level: 'info',
  timestamp: '2022-09-05T18:10:33.605Z'
}
{
  message: {
    email: 'martin@martin.com',
    password: 'prueba',
    firstName: 'Martin',
    lastName: 'Cagliolo',
    age: 30,
    admin: false,
    address: { street: 'congreso 5080', city: 'buenos aires' }
  },
  level: 'info',
  timestamp: '2022-09-05T18:10:33.606Z'
}
{
  message: 'info signup',
  level: 'info',
  timestamp: '2022-09-05T18:10:33.775Z'
}
{
  level: 'info',
  message: Error: data and salt arguments required
      at Object.hash (D:\docs\Coder-Backend\tercera-entrega\node_modules\bcrypt\bcrypt.js:137:17)
      at D:\docs\Coder-Backend\tercera-entrega\node_modules\bcrypt\promises.js:29:12
      at new Promise (<anonymous>)
      at Object.module.exports.promise (D:\docs\Coder-Backend\tercera-entrega\node_modules\bcrypt\promises.js:20:12)
      at Object.hash (D:\docs\Coder-Backend\tercera-entrega\node_modules\bcrypt\bcrypt.js:133:25)
      at model.<anonymous> (D:\docs\Coder-Backend\tercera-entrega\src\models\users.js:23:31)
      at callMiddlewareFunction (D:\docs\Coder-Backend\tercera-entrega\node_modules\kareem\index.js:530:27)
      at model.next (D:\docs\Coder-Backend\tercera-entrega\node_modules\kareem\index.js:79:7)
      at _next (D:\docs\Coder-Backend\tercera-entrega\node_modules\kareem\index.js:132:10)
      at D:\docs\Coder-Backend\tercera-entrega\node_modules\kareem\index.js:555:30,
  timestamp: '2022-09-05T18:10:33.777Z'
}
{ level: 'error', timestamp: '2022-09-05T18:10:33.786Z' }
{
  message: 'Servidor escuchando en el puerto 3000',
  level: 'info',
  timestamp: '2022-09-05T18:12:29.331Z'
}
{
  message: 'Servidor escuchando en el puerto 3000',
  level: 'info',
  timestamp: '2022-09-05T18:12:36.189Z'
}
{
  message: 'Servidor escuchando en el puerto 3000',
  level: 'info',
  timestamp: '2022-09-05T18:13:20.670Z'
}
{
  message: 'Ingreso',
  level: 'info',
  timestamp: '2022-09-05T18:13:21.541Z'
}
{
  message: {
    email: 'martin@martin.com',
    password: 'prueba',
    firstName: 'Martin',
    lastName: 'Cagliolo',
    age: 30,
    admin: false,
    address: { street: 'congreso 5080', city: 'buenos aires' }
  },
  level: 'info',
  timestamp: '2022-09-05T18:13:21.542Z'
}
{
  message: 'info signup',
  level: 'info',
  timestamp: '2022-09-05T18:13:21.550Z'
}
{
  level: 'info',
  message: TypeError: password.encryptPassword is not a function
      at Strategy.signup [as _verify] (D:\docs\Coder-Backend\tercera-entrega\src\services\auth.js:61:36)
      at Strategy.authenticate (D:\docs\Coder-Backend\tercera-entrega\node_modules\passport-local\lib\strategy.js:88:12)
      at attempt (D:\docs\Coder-Backend\tercera-entrega\node_modules\passport\lib\middleware\authenticate.js:369:16)
      at authenticate (D:\docs\Coder-Backend\tercera-entrega\node_modules\passport\lib\middleware\authenticate.js:370:7)
      at signUp (D:\docs\Coder-Backend\tercera-entrega\src\routes\auth.js:17:7)
      at Layer.handle [as handle_request] (D:\docs\Coder-Backend\tercera-entrega\node_modules\express\lib\router\layer.js:95:5)
      at next (D:\docs\Coder-Backend\tercera-entrega\node_modules\express\lib\router\route.js:144:13)
      at Route.dispatch (D:\docs\Coder-Backend\tercera-entrega\node_modules\express\lib\router\route.js:114:3)
      at Layer.handle [as handle_request] (D:\docs\Coder-Backend\tercera-entrega\node_modules\express\lib\router\layer.js:95:5)
      at D:\docs\Coder-Backend\tercera-entrega\node_modules\express\lib\router\index.js:284:15,
  timestamp: '2022-09-05T18:13:21.551Z'
}
{ level: 'error', timestamp: '2022-09-05T18:13:21.559Z' }
{
  message: 'Servidor escuchando en el puerto 3000',
  level: 'info',
  timestamp: '2022-09-05T18:13:38.597Z'
}
{
  message: 'Servidor escuchando en el puerto 3000',
  level: 'info',
  timestamp: '2022-09-05T18:14:28.959Z'
}
{
  message: 'Servidor escuchando en el puerto 3000',
  level: 'info',
  timestamp: '2022-09-05T18:15:01.264Z'
}
{
  message: 'Servidor escuchando en el puerto 3000',
  level: 'info',
  timestamp: '2022-09-05T18:15:12.350Z'
}
{
  message: 'Servidor escuchando en el puerto 3000',
  level: 'info',
  timestamp: '2022-09-05T18:15:15.689Z'
}
{
  message: 'Ingreso',
  level: 'info',
  timestamp: '2022-09-05T18:15:21.494Z'
}
{
  message: {
    email: 'martin@martin.com',
    password: 'prueba',
    firstName: 'Martin',
    lastName: 'Cagliolo',
    age: 30,
    admin: false,
    address: { street: 'congreso 5080', city: 'buenos aires' }
  },
  level: 'info',
  timestamp: '2022-09-05T18:15:21.498Z'
}
{
  message: 'info signup',
  level: 'info',
  timestamp: '2022-09-05T18:15:21.504Z'
}
{
  level: 'info',
  message: ReferenceError: Cannot access 'userData' before initialization
      at Strategy.signup [as _verify] (D:\docs\Coder-Backend\tercera-entrega\src\services\auth.js:61:27)
      at Strategy.authenticate (D:\docs\Coder-Backend\tercera-entrega\node_modules\passport-local\lib\strategy.js:88:12)
      at attempt (D:\docs\Coder-Backend\tercera-entrega\node_modules\passport\lib\middleware\authenticate.js:369:16)
      at authenticate (D:\docs\Coder-Backend\tercera-entrega\node_modules\passport\lib\middleware\authenticate.js:370:7)
      at signUp (D:\docs\Coder-Backend\tercera-entrega\src\routes\auth.js:17:7)
      at Layer.handle [as handle_request] (D:\docs\Coder-Backend\tercera-entrega\node_modules\express\lib\router\layer.js:95:5)
      at next (D:\docs\Coder-Backend\tercera-entrega\node_modules\express\lib\router\route.js:144:13)
      at Route.dispatch (D:\docs\Coder-Backend\tercera-entrega\node_modules\express\lib\router\route.js:114:3)
      at Layer.handle [as handle_request] (D:\docs\Coder-Backend\tercera-entrega\node_modules\express\lib\router\layer.js:95:5)
      at D:\docs\Coder-Backend\tercera-entrega\node_modules\express\lib\router\index.js:284:15,
  timestamp: '2022-09-05T18:15:21.505Z'
}
{ level: 'error', timestamp: '2022-09-05T18:15:21.510Z' }
{
  message: 'Servidor escuchando en el puerto 3000',
  level: 'info',
  timestamp: '2022-09-05T18:16:01.646Z'
}
{
  message: 'Servidor escuchando en el puerto 3000',
  level: 'info',
  timestamp: '2022-09-05T18:17:19.006Z'
}
{
  message: 'Ingreso',
  level: 'info',
  timestamp: '2022-09-05T18:17:26.458Z'
}
{
  message: {
    email: 'martin@martin.com',
    password: 'prueba',
    firstName: 'Martin',
    lastName: 'Cagliolo',
    age: 30,
    admin: false,
    address: { street: 'congreso 5080', city: 'buenos aires' }
  },
  level: 'info',
  timestamp: '2022-09-05T18:17:26.459Z'
}
{
  message: 'info signup',
  level: 'info',
  timestamp: '2022-09-05T18:17:26.467Z'
}
{
  level: 'info',
  message: ReferenceError: Cannot access 'userData' before initialization
      at Strategy.signup [as _verify] (D:\docs\Coder-Backend\tercera-entrega\src\services\auth.js:71:27)
      at Strategy.authenticate (D:\docs\Coder-Backend\tercera-entrega\node_modules\passport-local\lib\strategy.js:88:12)
      at attempt (D:\docs\Coder-Backend\tercera-entrega\node_modules\passport\lib\middleware\authenticate.js:369:16)
      at authenticate (D:\docs\Coder-Backend\tercera-entrega\node_modules\passport\lib\middleware\authenticate.js:370:7)
      at signUp (D:\docs\Coder-Backend\tercera-entrega\src\routes\auth.js:17:7)
      at Layer.handle [as handle_request] (D:\docs\Coder-Backend\tercera-entrega\node_modules\express\lib\router\layer.js:95:5)
      at next (D:\docs\Coder-Backend\tercera-entrega\node_modules\express\lib\router\route.js:144:13)
      at Route.dispatch (D:\docs\Coder-Backend\tercera-entrega\node_modules\express\lib\router\route.js:114:3)
      at Layer.handle [as handle_request] (D:\docs\Coder-Backend\tercera-entrega\node_modules\express\lib\router\layer.js:95:5)
      at D:\docs\Coder-Backend\tercera-entrega\node_modules\express\lib\router\index.js:284:15,
  timestamp: '2022-09-05T18:17:26.470Z'
}
{ level: 'error', timestamp: '2022-09-05T18:17:26.475Z' }
{
  message: 'Servidor escuchando en el puerto 3000',
  level: 'info',
  timestamp: '2022-09-05T18:17:48.969Z'
}
{
  message: 'Servidor escuchando en el puerto 3000',
  level: 'info',
  timestamp: '2022-09-05T18:17:56.496Z'
}
{
  message: 'Ingreso',
  level: 'info',
  timestamp: '2022-09-05T18:18:04.210Z'
}
{
  message: {
    email: 'martin@martin.com',
    password: 'prueba',
    firstName: 'Martin',
    lastName: 'Cagliolo',
    age: 30,
    admin: false,
    address: { street: 'congreso 5080', city: 'buenos aires' }
  },
  level: 'info',
  timestamp: '2022-09-05T18:18:04.211Z'
}
{
  message: 'info signup',
  level: 'info',
  timestamp: '2022-09-05T18:18:04.218Z'
}
{
  level: 'info',
  message: ReferenceError: Cannot access 'userData' before initialization
      at Strategy.signup [as _verify] (D:\docs\Coder-Backend\tercera-entrega\src\services\auth.js:50:27)
      at Strategy.authenticate (D:\docs\Coder-Backend\tercera-entrega\node_modules\passport-local\lib\strategy.js:88:12)
      at attempt (D:\docs\Coder-Backend\tercera-entrega\node_modules\passport\lib\middleware\authenticate.js:369:16)
      at authenticate (D:\docs\Coder-Backend\tercera-entrega\node_modules\passport\lib\middleware\authenticate.js:370:7)
      at signUp (D:\docs\Coder-Backend\tercera-entrega\src\routes\auth.js:17:7)
      at Layer.handle [as handle_request] (D:\docs\Coder-Backend\tercera-entrega\node_modules\express\lib\router\layer.js:95:5)
      at next (D:\docs\Coder-Backend\tercera-entrega\node_modules\express\lib\router\route.js:144:13)
      at Route.dispatch (D:\docs\Coder-Backend\tercera-entrega\node_modules\express\lib\router\route.js:114:3)
      at Layer.handle [as handle_request] (D:\docs\Coder-Backend\tercera-entrega\node_modules\express\lib\router\layer.js:95:5)
      at D:\docs\Coder-Backend\tercera-entrega\node_modules\express\lib\router\index.js:284:15,
  timestamp: '2022-09-05T18:18:04.220Z'
}
{ level: 'error', timestamp: '2022-09-05T18:18:04.224Z' }
{
  message: 'Servidor escuchando en el puerto 3000',
  level: 'info',
  timestamp: '2022-09-05T18:18:52.989Z'
}
{
  message: 'Servidor escuchando en el puerto 3000',
  level: 'info',
  timestamp: '2022-09-05T18:18:58.462Z'
}
{
  message: 'Servidor escuchando en el puerto 3000',
  level: 'info',
  timestamp: '2022-09-05T18:19:32.698Z'
}
{
  message: 'Ingreso',
  level: 'info',
  timestamp: '2022-09-05T18:19:42.655Z'
}
{
  message: {
    email: 'martin@martin.com',
    password: 'prueba',
    firstName: 'Martin',
    lastName: 'Cagliolo',
    age: 30,
    admin: false,
    address: { street: 'congreso 5080', city: 'buenos aires' }
  },
  level: 'info',
  timestamp: '2022-09-05T18:19:42.657Z'
}
{
  message: 'info signup',
  level: 'info',
  timestamp: '2022-09-05T18:19:42.666Z'
}
{
  level: 'info',
  message: TypeError: userData.encryptPassword is not a function
      at Strategy.signup [as _verify] (D:\docs\Coder-Backend\tercera-entrega\src\services\auth.js:57:42)
      at Strategy.authenticate (D:\docs\Coder-Backend\tercera-entrega\node_modules\passport-local\lib\strategy.js:88:12)
      at attempt (D:\docs\Coder-Backend\tercera-entrega\node_modules\passport\lib\middleware\authenticate.js:369:16)
      at authenticate (D:\docs\Coder-Backend\tercera-entrega\node_modules\passport\lib\middleware\authenticate.js:370:7)
      at signUp (D:\docs\Coder-Backend\tercera-entrega\src\routes\auth.js:17:7)
      at Layer.handle [as handle_request] (D:\docs\Coder-Backend\tercera-entrega\node_modules\express\lib\router\layer.js:95:5)
      at next (D:\docs\Coder-Backend\tercera-entrega\node_modules\express\lib\router\route.js:144:13)
      at Route.dispatch (D:\docs\Coder-Backend\tercera-entrega\node_modules\express\lib\router\route.js:114:3)
      at Layer.handle [as handle_request] (D:\docs\Coder-Backend\tercera-entrega\node_modules\express\lib\router\layer.js:95:5)
      at D:\docs\Coder-Backend\tercera-entrega\node_modules\express\lib\router\index.js:284:15,
  timestamp: '2022-09-05T18:19:42.670Z'
}
{ level: 'error', timestamp: '2022-09-05T18:19:42.677Z' }
{
  message: 'Servidor escuchando en el puerto 3000',
  level: 'info',
  timestamp: '2022-09-05T18:20:03.799Z'
}
{
  message: 'Ingreso',
  level: 'info',
  timestamp: '2022-09-05T18:20:09.570Z'
}
{
  message: {
    email: 'martin@martin.com',
    password: 'prueba',
    firstName: 'Martin',
    lastName: 'Cagliolo',
    age: 30,
    admin: false,
    address: { street: 'congreso 5080', city: 'buenos aires' }
  },
  level: 'info',
  timestamp: '2022-09-05T18:20:09.571Z'
}
{
  message: 'info signup',
  level: 'info',
  timestamp: '2022-09-05T18:20:09.576Z'
}
{
  level: 'info',
  message: ReferenceError: encryptPassword is not defined
      at Strategy.signup [as _verify] (D:\docs\Coder-Backend\tercera-entrega\src\services\auth.js:57:13)
      at Strategy.authenticate (D:\docs\Coder-Backend\tercera-entrega\node_modules\passport-local\lib\strategy.js:88:12)
      at attempt (D:\docs\Coder-Backend\tercera-entrega\node_modules\passport\lib\middleware\authenticate.js:369:16)
      at authenticate (D:\docs\Coder-Backend\tercera-entrega\node_modules\passport\lib\middleware\authenticate.js:370:7)
      at signUp (D:\docs\Coder-Backend\tercera-entrega\src\routes\auth.js:17:7)
      at Layer.handle [as handle_request] (D:\docs\Coder-Backend\tercera-entrega\node_modules\express\lib\router\layer.js:95:5)
      at next (D:\docs\Coder-Backend\tercera-entrega\node_modules\express\lib\router\route.js:144:13)
      at Route.dispatch (D:\docs\Coder-Backend\tercera-entrega\node_modules\express\lib\router\route.js:114:3)
      at Layer.handle [as handle_request] (D:\docs\Coder-Backend\tercera-entrega\node_modules\express\lib\router\layer.js:95:5)
      at D:\docs\Coder-Backend\tercera-entrega\node_modules\express\lib\router\index.js:284:15,
  timestamp: '2022-09-05T18:20:09.578Z'
}
{ level: 'error', timestamp: '2022-09-05T18:20:09.586Z' }
{
  message: 'Servidor escuchando en el puerto 3000',
  level: 'info',
  timestamp: '2022-09-05T18:20:41.945Z'
}
{
  message: 'Servidor escuchando en el puerto 3000',
  level: 'info',
  timestamp: '2022-09-05T18:20:47.658Z'
}
{
  message: 'Servidor escuchando en el puerto 3000',
  level: 'info',
  timestamp: '2022-09-05T18:20:55.612Z'
}
{
  message: 'Servidor escuchando en el puerto 3000',
  level: 'info',
  timestamp: '2022-09-05T18:21:06.259Z'
}
{
  message: 'Ingreso',
  level: 'info',
  timestamp: '2022-09-05T18:21:18.133Z'
}
{
  message: {
    email: 'martin@martin.com',
    password: 'prueba',
    firstName: 'Martin',
    lastName: 'Cagliolo',
    age: 30,
    admin: false,
    address: { street: 'congreso 5080', city: 'buenos aires' }
  },
  level: 'info',
  timestamp: '2022-09-05T18:21:18.134Z'
}
{
  message: 'info signup',
  level: 'info',
  timestamp: '2022-09-05T18:21:18.139Z'
}
{
  level: 'info',
  message: TypeError: userData.encryptPassword is not a function
      at Strategy.signup [as _verify] (D:\docs\Coder-Backend\tercera-entrega\src\services\auth.js:57:42)
      at Strategy.authenticate (D:\docs\Coder-Backend\tercera-entrega\node_modules\passport-local\lib\strategy.js:88:12)
      at attempt (D:\docs\Coder-Backend\tercera-entrega\node_modules\passport\lib\middleware\authenticate.js:369:16)
      at authenticate (D:\docs\Coder-Backend\tercera-entrega\node_modules\passport\lib\middleware\authenticate.js:370:7)
      at signUp (D:\docs\Coder-Backend\tercera-entrega\src\routes\auth.js:17:7)
      at Layer.handle [as handle_request] (D:\docs\Coder-Backend\tercera-entrega\node_modules\express\lib\router\layer.js:95:5)
      at next (D:\docs\Coder-Backend\tercera-entrega\node_modules\express\lib\router\route.js:144:13)
      at Route.dispatch (D:\docs\Coder-Backend\tercera-entrega\node_modules\express\lib\router\route.js:114:3)
      at Layer.handle [as handle_request] (D:\docs\Coder-Backend\tercera-entrega\node_modules\express\lib\router\layer.js:95:5)
      at D:\docs\Coder-Backend\tercera-entrega\node_modules\express\lib\router\index.js:284:15,
  timestamp: '2022-09-05T18:21:18.141Z'
}
{ level: 'error', timestamp: '2022-09-05T18:21:18.145Z' }
{
  message: 'Servidor escuchando en el puerto 3000',
  level: 'info',
  timestamp: '2022-09-05T18:21:44.681Z'
}
{
  message: 'Ingreso',
  level: 'info',
  timestamp: '2022-09-05T18:30:45.559Z'
}
{
  message: {
    email: 'martin@martin.com',
    password: 'prueba',
    firstName: 'Martin',
    lastName: 'Cagliolo',
    age: 30,
    admin: false,
    address: { street: 'congreso 5080', city: 'buenos aires' }
  },
  level: 'info',
  timestamp: '2022-09-05T18:30:45.561Z'
}
{
  message: 'info signup',
  level: 'info',
  timestamp: '2022-09-05T18:30:45.571Z'
}
{
  level: 'info',
  message: TypeError: userData.encryptPassword is not a function
      at Strategy.signup [as _verify] (D:\docs\Coder-Backend\tercera-entrega\src\services\auth.js:57:42)
      at Strategy.authenticate (D:\docs\Coder-Backend\tercera-entrega\node_modules\passport-local\lib\strategy.js:88:12)
      at attempt (D:\docs\Coder-Backend\tercera-entrega\node_modules\passport\lib\middleware\authenticate.js:369:16)
      at authenticate (D:\docs\Coder-Backend\tercera-entrega\node_modules\passport\lib\middleware\authenticate.js:370:7)
      at signUp (D:\docs\Coder-Backend\tercera-entrega\src\routes\auth.js:17:7)
      at Layer.handle [as handle_request] (D:\docs\Coder-Backend\tercera-entrega\node_modules\express\lib\router\layer.js:95:5)
      at next (D:\docs\Coder-Backend\tercera-entrega\node_modules\express\lib\router\route.js:144:13)
      at Route.dispatch (D:\docs\Coder-Backend\tercera-entrega\node_modules\express\lib\router\route.js:114:3)
      at Layer.handle [as handle_request] (D:\docs\Coder-Backend\tercera-entrega\node_modules\express\lib\router\layer.js:95:5)
      at D:\docs\Coder-Backend\tercera-entrega\node_modules\express\lib\router\index.js:284:15,
  timestamp: '2022-09-05T18:30:45.585Z'
}
{ level: 'error', timestamp: '2022-09-05T18:30:45.594Z' }
{
  message: 'Servidor escuchando en el puerto 3000',
  level: 'info',
  timestamp: '2022-09-05T18:34:43.924Z'
}
{
  message: 'Servidor escuchando en el puerto 3000',
  level: 'info',
  timestamp: '2022-09-05T18:34:48.187Z'
}
{
  message: 'Servidor escuchando en el puerto 3000',
  level: 'info',
  timestamp: '2022-09-05T18:34:53.387Z'
}
{
  message: 'Servidor escuchando en el puerto 3000',
  level: 'info',
  timestamp: '2022-09-05T18:35:02.199Z'
}
{
  message: 'Servidor escuchando en el puerto 3000',
  level: 'info',
  timestamp: '2022-09-05T18:36:40.556Z'
}
{
  message: 'Ingreso',
  level: 'info',
  timestamp: '2022-09-05T18:36:44.957Z'
}
{
  message: {
    email: 'martin@martin.com',
    password: 'prueba',
    firstName: 'Martin',
    lastName: 'Cagliolo',
    age: 30,
    admin: false,
    address: { street: 'congreso 5080', city: 'buenos aires' }
  },
  level: 'info',
  timestamp: '2022-09-05T18:36:44.959Z'
}
{
  message: 'info signup',
  level: 'info',
  timestamp: '2022-09-05T18:36:44.967Z'
}
{
  level: 'info',
  message: ReferenceError: Cannot access 'userData' before initialization
      at Strategy.signup [as _verify] (D:\docs\Coder-Backend\tercera-entrega\src\services\auth.js:50:27)
      at Strategy.authenticate (D:\docs\Coder-Backend\tercera-entrega\node_modules\passport-local\lib\strategy.js:88:12)
      at attempt (D:\docs\Coder-Backend\tercera-entrega\node_modules\passport\lib\middleware\authenticate.js:369:16)
      at authenticate (D:\docs\Coder-Backend\tercera-entrega\node_modules\passport\lib\middleware\authenticate.js:370:7)
      at signUp (D:\docs\Coder-Backend\tercera-entrega\src\routes\auth.js:17:7)
      at Layer.handle [as handle_request] (D:\docs\Coder-Backend\tercera-entrega\node_modules\express\lib\router\layer.js:95:5)
      at next (D:\docs\Coder-Backend\tercera-entrega\node_modules\express\lib\router\route.js:144:13)
      at Route.dispatch (D:\docs\Coder-Backend\tercera-entrega\node_modules\express\lib\router\route.js:114:3)
      at Layer.handle [as handle_request] (D:\docs\Coder-Backend\tercera-entrega\node_modules\express\lib\router\layer.js:95:5)
      at D:\docs\Coder-Backend\tercera-entrega\node_modules\express\lib\router\index.js:284:15,
  timestamp: '2022-09-05T18:36:44.968Z'
}
{ level: 'error', timestamp: '2022-09-05T18:36:44.973Z' }
{
  message: 'Servidor escuchando en el puerto 3000',
  level: 'info',
  timestamp: '2022-09-05T18:36:57.908Z'
}
{
  message: 'Servidor escuchando en el puerto 3000',
  level: 'info',
  timestamp: '2022-09-05T18:37:06.108Z'
}
{
  message: 'Servidor escuchando en el puerto 3000',
  level: 'info',
  timestamp: '2022-09-05T18:39:52.533Z'
}
{
  message: 'Servidor escuchando en el puerto 3000',
  level: 'info',
  timestamp: '2022-09-05T18:39:56.433Z'
}
{
  message: 'Servidor escuchando en el puerto 3000',
  level: 'info',
  timestamp: '2022-09-05T18:40:53.388Z'
}
{
  message: 'Ingreso',
  level: 'info',
  timestamp: '2022-09-05T18:40:55.712Z'
}
{
  message: {
    email: 'martin@martin.com',
    password: 'prueba',
    firstName: 'Martin',
    lastName: 'Cagliolo',
    age: 30,
    admin: false,
    address: { street: 'congreso 5080', city: 'buenos aires' }
  },
  level: 'info',
  timestamp: '2022-09-05T18:40:55.713Z'
}
{
  message: 'info signup',
  level: 'info',
  timestamp: '2022-09-05T18:40:55.746Z'
}
{ level: 'info', message: null, timestamp: '2022-09-05T18:40:55.753Z' }
{
  message: 'Servidor escuchando en el puerto 3000',
  level: 'info',
  timestamp: '2022-09-05T18:41:10.697Z'
}
{
  message: 'Servidor escuchando en el puerto 3000',
  level: 'info',
  timestamp: '2022-09-05T18:41:24.678Z'
}
{
  message: 'Servidor escuchando en el puerto 3000',
  level: 'info',
  timestamp: '2022-09-05T18:41:29.166Z'
}
{
  message: 'Servidor escuchando en el puerto 3000',
  level: 'info',
  timestamp: '2022-09-05T18:41:36.455Z'
}
{
  message: 'Servidor escuchando en el puerto 3000',
  level: 'info',
  timestamp: '2022-09-05T18:41:39.443Z'
}
{
  message: 'Servidor escuchando en el puerto 3000',
  level: 'info',
  timestamp: '2022-09-05T18:41:44.846Z'
}
{
  message: 'Servidor escuchando en el puerto 3000',
  level: 'info',
  timestamp: '2022-09-05T18:41:48.043Z'
}
{
  message: 'Servidor escuchando en el puerto 3000',
  level: 'info',
  timestamp: '2022-09-05T18:41:54.683Z'
}
{
  message: 'Servidor escuchando en el puerto 3000',
  level: 'info',
  timestamp: '2022-09-05T18:42:14.077Z'
}
{
  message: 'Ingreso',
  level: 'info',
  timestamp: '2022-09-05T18:42:22.932Z'
}
{
  message: {
    email: 'martin@martin.com',
    password: 'prueba',
    firstName: 'Martin',
    lastName: 'Cagliolo',
    age: 30,
    admin: false,
    address: { street: 'congreso 5080', city: 'buenos aires' }
  },
  level: 'info',
  timestamp: '2022-09-05T18:42:22.934Z'
}
{
  message: 'info signup',
  level: 'info',
  timestamp: '2022-09-05T18:42:22.939Z'
}
{
  level: 'info',
  message: TypeError: userData.encryptPassword is not a function
      at Strategy.signup [as _verify] (D:\docs\Coder-Backend\tercera-entrega\src\services\auth.js:47:42)
      at Strategy.authenticate (D:\docs\Coder-Backend\tercera-entrega\node_modules\passport-local\lib\strategy.js:88:12)
      at attempt (D:\docs\Coder-Backend\tercera-entrega\node_modules\passport\lib\middleware\authenticate.js:369:16)
      at authenticate (D:\docs\Coder-Backend\tercera-entrega\node_modules\passport\lib\middleware\authenticate.js:370:7)
      at signUp (D:\docs\Coder-Backend\tercera-entrega\src\routes\auth.js:17:7)
      at Layer.handle [as handle_request] (D:\docs\Coder-Backend\tercera-entrega\node_modules\express\lib\router\layer.js:95:5)
      at next (D:\docs\Coder-Backend\tercera-entrega\node_modules\express\lib\router\route.js:144:13)
      at Route.dispatch (D:\docs\Coder-Backend\tercera-entrega\node_modules\express\lib\router\route.js:114:3)
      at Layer.handle [as handle_request] (D:\docs\Coder-Backend\tercera-entrega\node_modules\express\lib\router\layer.js:95:5)
      at D:\docs\Coder-Backend\tercera-entrega\node_modules\express\lib\router\index.js:284:15,
  timestamp: '2022-09-05T18:42:22.940Z'
}
{ level: 'error', timestamp: '2022-09-05T18:42:22.944Z' }
{
  message: 'Servidor escuchando en el puerto 3000',
  level: 'info',
  timestamp: '2022-09-05T18:47:07.476Z'
}
{
  message: 'Ingreso',
  level: 'info',
  timestamp: '2022-09-05T18:47:09.410Z'
}
{
  message: {
    email: 'martin@martin.com',
    password: 'prueba',
    firstName: 'Martin',
    lastName: 'Cagliolo',
    age: 30,
    admin: false,
    address: { street: 'congreso 5080', city: 'buenos aires' }
  },
  level: 'info',
  timestamp: '2022-09-05T18:47:09.411Z'
}
{
  message: 'Servidor escuchando en el puerto 3000',
  level: 'info',
  timestamp: '2022-09-05T18:47:32.752Z'
}
{
  message: 'Ingreso',
  level: 'info',
  timestamp: '2022-09-05T18:47:33.812Z'
}
{
  message: {
    email: 'martin@martin.com',
    password: 'prueba',
    firstName: 'Martin',
    lastName: 'Cagliolo',
    age: 30,
    admin: false,
    address: { street: 'congreso 5080', city: 'buenos aires' }
  },
  level: 'info',
  timestamp: '2022-09-05T18:47:33.815Z'
}
{
  message: 'info signup',
  level: 'info',
  timestamp: '2022-09-05T18:47:33.845Z'
}
{ level: 'info', message: null, timestamp: '2022-09-05T18:47:33.846Z' }
